RUN	acetoys.AceToysSimulation	acetoyssimulation	1739477438531	test	3.8.4
USER	Default Load Test	START	1739477444437
USER	Default Load Test	START	1739477444437
USER	Default Load Test	START	1739477444437
USER	Default Load Test	START	1739477444437
USER	Default Load Test	START	1739477444437
REQUEST		Load Home Page	1739477444434	1739477444674	OK	 
REQUEST		Load Home Page	1739477444434	1739477444712	OK	 
REQUEST		Load Home Page	1739477444434	1739477444723	OK	 
REQUEST		Load Home Page	1739477444434	1739477444725	OK	 
REQUEST		Load Home Page	1739477444434	1739477444724	OK	 
REQUEST		Load Products List Page - Category: Kids Toys	1739477446179	1739477446295	OK	 
REQUEST		Load Products List Page - Category: Babies Toys	1739477447561	1739477447688	OK	 
REQUEST		Load Our Story Page	1739477447804	1739477447878	OK	 
REQUEST		Load Our Story Page	1739477447804	1739477447885	OK	 
REQUEST		Load Our Story Page	1739477447804	1739477447896	OK	 
REQUEST		Load Products Details Page - Product: Scrabble Set	1739477448521	1739477448595	OK	 
REQUEST		Load Get In Touch	1739477449146	1739477449209	OK	 
REQUEST		Load Get In Touch	1739477449747	1739477449821	OK	 
REQUEST		Load Products Details Page - Product: Darts Board	1739477449748	1739477449833	OK	 
REQUEST		Add Product to Cart - Product Name: Scrabble Set	1739477449948	1739477450012	OK	 
REQUEST		Load Get In Touch	1739477450386	1739477450467	OK	 
REQUEST		Load Products List Page - Category: Kids Toys	1739477450372	1739477450512	OK	 
REQUEST		Add Product to Cart - Product Name: Darts Board	1739477451110	1739477451164	OK	 
REQUEST		Load Home Page	1739477451166	1739477451222	OK	 
REQUEST		Load Products List Page - Category: Babies Toys	1739477451504	1739477451619	OK	 
REQUEST		Load Products List Page - Category: All Products	1739477452170	1739477452288	OK	 
REQUEST		Login User	1739477452736	1739477452794	OK	 
REQUEST		Login User Redirect 1	1739477452799	1739477452864	OK	 
REQUEST		View Cart	1739477452866	1739477452930	OK	 
REQUEST		Load Products List Page - Category: Babies Toys	1739477453426	1739477453546	OK	 
REQUEST		Load Products Details Page - Product: Brown Teddy Bear	1739477454526	1739477454583	OK	 
REQUEST		Load Products List Page - Category: Babies Toys	1739477454585	1739477454688	OK	 
REQUEST		Load Products Details Page - Product: Wooden Baby Worm	1739477454912	1739477454976	OK	 
REQUEST		Load Products List Page - Category: All Products	1739477454981	1739477455086	OK	 
REQUEST		Load Products Details Page - Product: Alphabet Letters	1739477455190	1739477455255	OK	 
REQUEST		Load Products List Page - Category: Kids Toys	1739477455258	1739477455373	OK	 
REQUEST		Increase Product Quantity in Cart - Product Name: Scrabble Set	1739477455841	1739477455903	OK	 
REQUEST		Increase Product Quantity in Cart - Product Name: Scrabble Set Redirect 1	1739477455904	1739477455965	OK	 
REQUEST		Load Products Details Page - Product: Scrabble Set	1739477456262	1739477456324	OK	 
REQUEST		Decrease Product Quantity in Cart - Product Name: Scrabble Set	1739477456976	1739477457034	OK	 
REQUEST		Decrease Product Quantity in Cart - Product Name: Scrabble Set Redirect 1	1739477457035	1739477457094	OK	 
REQUEST		Checkout	1739477458099	1739477458153	OK	 
REQUEST		Load Products Details Page - Product: PS4 Controller	1739477458146	1739477458226	OK	 
REQUEST		Checkout Redirect 1	1739477458153	1739477458231	OK	 
REQUEST		Load Products List Page - Category: Grown-ups Toys	1739477458231	1739477458357	OK	 
REQUEST		Load Products Details Page - Product: Hopscotch Kit	1739477458593	1739477458665	OK	 
REQUEST		Load Products List Page - Category: Kids Toys	1739477458667	1739477458786	OK	 
REQUEST		Load Products Details Page - Product: Darts Board	1739477458933	1739477458993	OK	 
REQUEST		Load Products List Page - Category: Grown-ups Toys	1739477459000	1739477459107	OK	 
REQUEST		Add Product to Cart - Product Name: Scrabble Set	1739477459089	1739477459156	OK	 
REQUEST		Load Home Page	1739477460275	1739477460339	OK	 
REQUEST		Login User	1739477460600	1739477460657	OK	 
REQUEST		Login User Redirect 1	1739477460657	1739477460723	OK	 
REQUEST		View Cart	1739477460725	1739477460782	OK	 
REQUEST		Load Products Details Page - Product: Vintage Minature Car	1739477462197	1739477462258	OK	 
REQUEST		Load Home Page	1739477462260	1739477462324	OK	 
REQUEST		Load Products Details Page - Product: Playing Cards	1739477462365	1739477462428	OK	 
REQUEST		Load Home Page	1739477462430	1739477462491	OK	 
REQUEST		Increase Product Quantity in Cart - Product Name: Scrabble Set	1739477462555	1739477462616	OK	 
REQUEST		Increase Product Quantity in Cart - Product Name: Scrabble Set Redirect 1	1739477462616	1739477462694	OK	 
REQUEST		Load Products List Page - Category: Babies Toys	1739477462616	1739477462748	OK	 
REQUEST		Load Products Details Page - Product: Assorted Building Blocks	1739477462899	1739477462964	OK	 
REQUEST		Load Home Page	1739477462966	1739477463023	OK	 
REQUEST		Decrease Product Quantity in Cart - Product Name: Scrabble Set	1739477463708	1739477463760	OK	 
REQUEST		Decrease Product Quantity in Cart - Product Name: Scrabble Set Redirect 1	1739477463760	1739477463820	OK	 
REQUEST		Checkout	1739477464830	1739477464888	OK	 
REQUEST		Checkout Redirect 1	1739477464888	1739477464948	OK	 
REQUEST		Load Products Details Page - Product: Wooden Baby Worm	1739477464924	1739477464983	OK	 
REQUEST		Load Our Story Page	1739477465327	1739477465386	OK	 
REQUEST		Load Our Story Page	1739477465496	1739477465558	OK	 
REQUEST		Load Our Story Page	1739477466039	1739477466106	OK	 
REQUEST		Load Get In Touch	1739477467298	1739477467355	OK	 
REQUEST		Load Get In Touch	1739477467329	1739477467390	OK	 
REQUEST		Add Product to Cart - Product Name: Wooden Baby Worm	1739477467669	1739477467733	OK	 
REQUEST		Load Home Page	1739477467856	1739477467922	OK	 
REQUEST		Load Get In Touch	1739477468536	1739477468601	OK	 
REQUEST		Login User	1739477469157	1739477469212	OK	 
REQUEST		Load Products List Page - Category: Babies Toys	1739477469109	1739477469217	OK	 
REQUEST		Login User Redirect 1	1739477469212	1739477469269	OK	 
REQUEST		View Cart	1739477469271	1739477469329	OK	 
REQUEST		Load Products List Page - Category: Kids Toys	1739477469837	1739477469946	OK	 
REQUEST		Increase Product Quantity in Cart - Product Name: Wooden Baby Worm	1739477470360	1739477470414	OK	 
REQUEST		Increase Product Quantity in Cart - Product Name: Wooden Baby Worm Redirect 1	1739477470414	1739477470482	OK	 
REQUEST		Load Products List Page - Category: All Products	1739477470595	1739477470728	OK	 
REQUEST		Load Products List Page - Category: Babies Toys	1739477470703	1739477470818	OK	 
REQUEST		Decrease Product Quantity in Cart - Product Name: Wooden Baby Worm	1739477471489	1739477471544	OK	 
REQUEST		Decrease Product Quantity in Cart - Product Name: Wooden Baby Worm Redirect 1	1739477471544	1739477471608	OK	 
REQUEST		Load Products Details Page - Product: Alphabet Letters	1739477472175	1739477472231	OK	 
REQUEST		Load Products Details Page - Product: PS4 Controller	1739477472453	1739477472515	OK	 
REQUEST		Load Products List Page - Category: Babies Toys	1739477472517	1739477472628	OK	 
REQUEST		Checkout	1739477472623	1739477472676	OK	 
REQUEST		Checkout Redirect 1	1739477472677	1739477472730	OK	 
REQUEST		Add Product to Cart - Product Name: Alphabet Letters	1739477473940	1739477474000	OK	 
REQUEST		Load Home Page	1739477474000	1739477474058	OK	 
REQUEST		Load Products Details Page - Product: Brown Teddy Bear	1739477474622	1739477474695	OK	 
REQUEST		Load Products Details Page - Product: Rubicks Cube	1739477474715	1739477474789	OK	 
REQUEST		Load Products List Page - Category: Grown-ups Toys	1739477474698	1739477474816	OK	 
REQUEST		Load Products List Page - Category: Kids Toys	1739477474791	1739477474903	OK	 
REQUEST		Load Home Page	1739477475583	1739477475658	OK	 
REQUEST		Load Products Details Page - Product: Poker Set	1739477476426	1739477476485	OK	 
REQUEST		Load Products List Page - Category: Grown-ups Toys	1739477476487	1739477476589	OK	 
REQUEST		Load Our Story Page	1739477477073	1739477477140	OK	 
REQUEST		Load Products Details Page - Product: Vintage Minature Car	1739477477976	1739477478040	OK	 
REQUEST		Load Products List Page - Category: Grown-ups Toys	1739477478042	1739477478168	OK	 
REQUEST		Load Products List Page - Category: Babies Toys	1739477478628	1739477478753	OK	 
REQUEST		Load Products Details Page - Product: Furry Toys	1739477478769	1739477478830	OK	 
REQUEST		Load Products List Page - Category: All Products	1739477478831	1739477478940	OK	 
REQUEST		Load Products Details Page - Product: Rabbit Model	1739477479300	1739477479370	OK	 
REQUEST		Load Home Page	1739477479372	1739477479429	OK	 
REQUEST		Load Get In Touch	1739477479653	1739477479714	OK	 
REQUEST		Load Products List Page - Category: Babies Toys	1739477480858	1739477480972	OK	 
REQUEST		Load Products Details Page - Product: Brown Teddy Bear	1739477481630	1739477481691	OK	 
REQUEST		Load Products Details Page - Product: Brown Teddy Bear	1739477481987	1739477482047	OK	 
REQUEST		Load Home Page	1739477482049	1739477482112	OK	 
REQUEST		Load Our Story Page	1739477482445	1739477482507	OK	 
REQUEST		Load Products Details Page - Product: Train Toy	1739477483717	1739477483778	OK	 
REQUEST		Load Get In Touch	1739477483762	1739477483822	OK	 
REQUEST		Load Home Page	1739477483780	1739477483852	OK	 
REQUEST		Add Product to Cart - Product Name: Brown Teddy Bear	1739477484101	1739477484160	OK	 
REQUEST		Load Home Page	1739477484161	1739477484213	OK	 
REQUEST		Load Our Story Page	1739477485119	1739477485196	OK	 
REQUEST		Load Products List Page - Category: Babies Toys	1739477485594	1739477485700	OK	 
REQUEST		Load Products Details Page - Product: Wooden Baby Worm	1739477485949	1739477486008	OK	 
REQUEST		Load Products List Page - Category: All Products	1739477486009	1739477486110	OK	 
REQUEST		Load Products List Page - Category: Kids Toys	1739477486377	1739477486493	OK	 
REQUEST		Load Our Story Page	1739477487227	1739477487286	OK	 
REQUEST		Load Get In Touch	1739477487443	1739477487501	OK	 
REQUEST		Load Products Details Page - Product: US Style Basketball	1739477488208	1739477488272	OK	 
REQUEST		Load Get In Touch	1739477488519	1739477488577	OK	 
REQUEST		Load Products List Page - Category: All Products	1739477488799	1739477488917	OK	 
REQUEST		Add Product to Cart - Product Name: US Style Basketball	1739477489324	1739477489378	OK	 
REQUEST		Load Home Page	1739477489380	1739477489443	OK	 
REQUEST		Load Products Details Page - Product: Fake Donuts	1739477489953	1739477490011	OK	 
REQUEST		Load Products List Page - Category: Babies Toys	1739477490015	1739477490123	OK	 
REQUEST		Load Products List Page - Category: Grown-ups Toys	1739477490617	1739477490731	OK	 
REQUEST		Load Products Details Page - Product: Flat screen TV	1739477491064	1739477491122	OK	 
REQUEST		Load Products List Page - Category: Babies Toys	1739477491124	1739477491222	OK	 
REQUEST		Load Our Story Page	1739477492457	1739477492513	OK	 
REQUEST		Load Products Details Page - Product: Playing Cards	1739477493470	1739477493540	OK	 
REQUEST		Load Products List Page - Category: All Products	1739477493543	1739477493651	OK	 
REQUEST		Load Products Details Page - Product: Wooden Baby Worm	1739477494121	1739477494180	OK	 
REQUEST		Load Home Page	1739477494181	1739477494245	OK	 
REQUEST		Load Get In Touch	1739477494447	1739477494505	OK	 
REQUEST		Load Products Details Page - Product: US Style Basketball	1739477494697	1739477494764	OK	 
REQUEST		Load Products List Page - Category: Babies Toys	1739477494766	1739477494868	OK	 
REQUEST		Load Products Details Page - Product: Train Toy	1739477495678	1739477495741	OK	 
REQUEST		Load Products List Page - Category: Kids Toys	1739477495744	1739477495857	OK	 
REQUEST		Load Products List Page - Category: All Products	1739477496081	1739477496222	OK	 
REQUEST		Load Our Story Page	1739477497261	1739477497320	OK	 
REQUEST		Load Products Details Page - Product: Train Toy	1739477497771	1739477497835	OK	 
REQUEST		Load Products List Page - Category: Grown-ups Toys	1739477497836	1739477497950	OK	 
REQUEST		Load Products Details Page - Product: Xbox Controller	1739477498985	1739477499054	OK	 
REQUEST		Load Home Page	1739477499056	1739477499111	OK	 
REQUEST		Load Get In Touch	1739477499123	1739477499181	OK	 
REQUEST		Load Products Details Page - Product: Vintage Minature Car	1739477499788	1739477499849	OK	 
REQUEST		Load Products List Page - Category: All Products	1739477499850	1739477499959	OK	 
REQUEST		Load Products List Page - Category: Grown-ups Toys	1739477500393	1739477500505	OK	 
REQUEST		Load Products Details Page - Product: Assorted Building Blocks	1739477501639	1739477501700	OK	 
REQUEST		Load Home Page	1739477501702	1739477501757	OK	 
REQUEST		Load Products Details Page - Product: Scrabble Set	1739477501732	1739477501786	OK	 
REQUEST		Load Products List Page - Category: Kids Toys	1739477501787	1739477501880	OK	 
REQUEST		Load Our Story Page	1739477502119	1739477502186	OK	 
REQUEST		Load Get In Touch	1739477503458	1739477503515	OK	 
USER	Default Load Test	END	1739477504423
USER	Default Load Test	END	1739477504497
USER	Default Load Test	END	1739477504745
USER	Default Load Test	END	1739477504761
USER	Default Load Test	END	1739477505975
